{"uuid":"1e6e9b75-bc3c-4c0a-b358-29bda88b0788","historyId":"78acc996e98848a15ff6c52bbd70f91d","fullName":"Browse and purchase books: Verify that the list of Books are getting displayed on the Books page","labels":[{"name":"tag","value":"BooksPage"},{"name":"host","value":"LAPTOP-I7J4S3QJ"},{"name":"thread","value":"19720@LAPTOP-I7J4S3QJ.main(1)"},{"name":"feature","value":"Browse and purchase books"},{"name":"story","value":"Verify that the list of Books are getting displayed on the Books page"},{"name":"suite","value":"Browse and purchase books"},{"name":"testClass","value":"Verify that the list of Books are getting displayed on the Books page"},{"name":"framework","value":"cucumber4jvm"},{"name":"language","value":"java"},{"name":"gherkin_uri","value":"file:///C:/Users/Kumaresh/Downloads/Personalization/src/test/java/com/odyssey/Features/PurchaseBooks.feature"},{"name":"package","value":"src.test.java.com.odyssey.Features.PurchaseBooks_feature.Browse and purchase books"}],"links":[],"name":"Verify that the list of Books are getting displayed on the Books page","status":"failed","statusDetails":{"known":false,"muted":false,"flaky":false,"message":"expected [true] but found [false]","trace":"java.lang.AssertionError: expected [true] but found [false]\r\n\tat org.testng.Assert.fail(Assert.java:110)\r\n\tat org.testng.Assert.failNotEquals(Assert.java:1413)\r\n\tat org.testng.Assert.assertTrue(Assert.java:56)\r\n\tat org.testng.Assert.assertTrue(Assert.java:66)\r\n\tat com.odyssey.Stepdef.BooksPurchaseStepDef.iShouldSeeAListOfProductsOnThePage(BooksPurchaseStepDef.java:89)\r\n\tat ✽.I should see a list of products on the \"Books\" page(file:///C:/Users/Kumaresh/Downloads/Personalization/src/test/java/com/odyssey/Features/PurchaseBooks.feature:10)\r\n"},"stage":"finished","steps":[{"name":"Given  I am launching \"Chrome\" browser","status":"passed","statusDetails":{"known":false,"muted":false,"flaky":false},"stage":"finished","steps":[],"attachments":[],"parameters":[],"start":1673861453493,"stop":1673861454796},{"name":"When  I launch the Url \"https://odyssey.in/\"","status":"passed","statusDetails":{"known":false,"muted":false,"flaky":false},"stage":"finished","steps":[],"attachments":[],"parameters":[],"start":1673861454798,"stop":1673861458187},{"name":"Then  Verify that I am on the \"Home page\"","status":"passed","statusDetails":{"known":false,"muted":false,"flaky":false},"stage":"finished","steps":[],"attachments":[],"parameters":[],"start":1673861458187,"stop":1673861458336},{"name":"And  I click on the \"Books\" link in the navigation menu","status":"passed","statusDetails":{"known":false,"muted":false,"flaky":false},"stage":"finished","steps":[],"attachments":[],"parameters":[],"start":1673861458336,"stop":1673861458540},{"name":"Then  I should see a list of products on the \"Books\" page","status":"failed","statusDetails":{"known":false,"muted":false,"flaky":false,"message":"expected [true] but found [false]","trace":"java.lang.AssertionError: expected [true] but found [false]\r\n\tat org.testng.Assert.fail(Assert.java:110)\r\n\tat org.testng.Assert.failNotEquals(Assert.java:1413)\r\n\tat org.testng.Assert.assertTrue(Assert.java:56)\r\n\tat org.testng.Assert.assertTrue(Assert.java:66)\r\n\tat com.odyssey.Stepdef.BooksPurchaseStepDef.iShouldSeeAListOfProductsOnThePage(BooksPurchaseStepDef.java:89)\r\n\tat ✽.I should see a list of products on the \"Books\" page(file:///C:/Users/Kumaresh/Downloads/Personalization/src/test/java/com/odyssey/Features/PurchaseBooks.feature:10)\r\n"},"stage":"finished","steps":[],"attachments":[],"parameters":[],"start":1673861458540,"stop":1673861458566}],"attachments":[],"parameters":[],"start":1673861453489,"stop":1673861458567}